[debug] [2023-04-30T07:27:42.997Z] ----------------------------------------------------------------------
[debug] [2023-04-30T07:27:42.998Z] Command:       /usr/local/bin/node /usr/local/bin/firebase init
[debug] [2023-04-30T07:27:42.998Z] CLI Version:   11.24.1
[debug] [2023-04-30T07:27:42.998Z] Platform:      darwin
[debug] [2023-04-30T07:27:42.998Z] Node Version:  v19.1.0
[debug] [2023-04-30T07:27:42.999Z] Time:          Sun Apr 30 2023 09:27:42 GMT+0200 (hora de verano de Europa central)
[debug] [2023-04-30T07:27:42.999Z] ----------------------------------------------------------------------
[debug] 
[debug] [2023-04-30T07:27:43.001Z] > command requires scopes: ["email","openid","https://www.googleapis.com/auth/cloudplatformprojects.readonly","https://www.googleapis.com/auth/firebase","https://www.googleapis.com/auth/cloud-platform"]
[debug] [2023-04-30T07:27:43.001Z] > authorizing via signed-in user (jerogassan@gmail.com)
[info] 
     ######## #### ########  ######## ########     ###     ######  ########
     ##        ##  ##     ## ##       ##     ##  ##   ##  ##       ##
     ######    ##  ########  ######   ########  #########  ######  ######
     ##        ##  ##    ##  ##       ##     ## ##     ##       ## ##
     ##       #### ##     ## ######## ########  ##     ##  ######  ########

You're about to initialize a Firebase project in this directory:

  /Users/jeronimogascon/Desarrollo/angular/fading-suns-anywim

[info] 
=== Project Setup
[info] 
[info] First, let's associate this project directory with a Firebase project.
[info] You can create multiple project aliases by running firebase use --add, 
[info] but for now we'll just set up a default project.
[info] 
[debug] [2023-04-30T07:28:09.574Z] >>> [apiv2][query] GET https://firebase.googleapis.com/v1beta1/projects pageSize=100
[debug] [2023-04-30T07:28:10.171Z] <<< [apiv2][status] GET https://firebase.googleapis.com/v1beta1/projects 200
[debug] [2023-04-30T07:28:10.172Z] <<< [apiv2][body] GET https://firebase.googleapis.com/v1beta1/projects [omitted]
[info] i  Using project fading-suns-anywim (fading suns anywim) 
[info] 
=== Hosting Setup
[info] 
[info] Your public directory is the folder (relative to your project directory) that
[info] will contain Hosting assets to be uploaded with firebase deploy. If you
[info] have a build process for your assets, use your build's output directory.
[info] 
